Using pre-set license
Built from '2020.2/release' branch; Version is '2020.2.1f1 (270dd8c3da1c) revision 2559448'; Using compiler version '192528614'; Build Type 'Release'
OS: 'Windows 10  (10.0.0) 64bit' Language: 'en' Physical Memory: 16315 MB
BatchMode: 1, IsHumanControllingUs: 0, StartBugReporterOnCrash: 0, Is64bit: 1, IsPro: 0

 COMMAND LINE ARGUMENTS:
C:\Program Files\Unity\Hub\Editor\2020.2.1f1\Editor\Unity.exe
-adb2
-batchMode
-noUpm
-name
AssetImportWorker0
-projectPath
C:/Users/sunny/Desktop/Senior-Project/Assets/New Unity Project (1)
-logFile
Logs/AssetImportWorker0.log
-srvPort
62119
Successfully changed project path to: C:/Users/sunny/Desktop/Senior-Project/Assets/New Unity Project (1)
C:/Users/sunny/Desktop/Senior-Project/Assets/New Unity Project (1)
Using Asset Import Pipeline V2.
Refreshing native plugins compatible for Editor in 19.96 ms, found 0 plugins.
Preloading 0 native plugins for Editor in 0.00 ms.
Initialize engine version: 2020.2.1f1 (270dd8c3da1c)
[Subsystems] Discovering subsystems at path C:/Program Files/Unity/Hub/Editor/2020.2.1f1/Editor/Data/Resources/UnitySubsystems
[Subsystems] Discovering subsystems at path C:/Users/sunny/Desktop/Senior-Project/Assets/New Unity Project (1)/Assets
GfxDevice: creating device client; threaded=0
Direct3D:
    Version:  Direct3D 11.0 [level 11.1]
    Renderer: NVIDIA GeForce RTX 2070 SUPER (ID=0x1e84)
    Vendor:   
    VRAM:     8011 MB
    Driver:   27.21.14.5671
Initialize mono
Mono path[0] = 'C:/Program Files/Unity/Hub/Editor/2020.2.1f1/Editor/Data/Managed'
Mono path[1] = 'C:/Program Files/Unity/Hub/Editor/2020.2.1f1/Editor/Data/MonoBleedingEdge/lib/mono/unityjit'
Mono config path = 'C:/Program Files/Unity/Hub/Editor/2020.2.1f1/Editor/Data/MonoBleedingEdge/etc'
Using monoOptions --debugger-agent=transport=dt_socket,embedding=1,server=y,suspend=n,address=127.0.0.1:56732
Begin MonoManager ReloadAssembly
Registering precompiled unity dll's ...
Register platform support module: C:/Program Files/Unity/Hub/Editor/2020.2.1f1/Editor/Data/PlaybackEngines/WindowsStandaloneSupport/UnityEditor.WindowsStandalone.Extensions.dll
Registered in 0.001268 seconds.
Native extension for WindowsStandalone target not found
Refreshing native plugins compatible for Editor in 18.81 ms, found 0 plugins.
Preloading 0 native plugins for Editor in 0.00 ms.
Invoked RoslynAnalysisRunner static constructor.
RoslynAnalysisRunner will not be running.
RoslynAnalysisRunner has terminated.
Mono: successfully reloaded assembly
- Completed reload, in  0.848 seconds
Platform modules already initialized, skipping
Registering precompiled user dll's ...
Registered in 0.000636 seconds.
Begin MonoManager ReloadAssembly
Native extension for WindowsStandalone target not found
Refreshing native plugins compatible for Editor in 0.20 ms, found 0 plugins.
Preloading 0 native plugins for Editor in 0.00 ms.
Invoked RoslynAnalysisRunner static constructor.
RoslynAnalysisRunner will not be running.
RoslynAnalysisRunner has terminated.
Mono: successfully reloaded assembly
- Completed reload, in  0.637 seconds
Platform modules already initialized, skipping
========================================================================
Worker process is ready to serve import requests
Launched and connected shader compiler UnityShaderCompiler.exe after 0.04 seconds
Refreshing native plugins compatible for Editor in 0.19 ms, found 0 plugins.
Preloading 0 native plugins for Editor in 0.00 ms.
Unloading 1142 Unused Serialized files (Serialized files now loaded: 0)
System memory in use before: 59.5 MB.
System memory in use after: 59.5 MB.

Unloading 10 unused Assets to reduce memory usage. Loaded Objects now: 1584.
Total: 1.439600 ms (FindLiveObjects: 0.122700 ms CreateObjectMapping: 0.030800 ms MarkObjects: 1.229800 ms  DeleteObjects: 0.054900 ms)

========================================================================
Received Import Request.
  path: Assets
  artifactKey: Guid(00000000000000001000000000000000) Importer(815301076,1909f56bfc062723c751e8b465ee728b)
Start importing Assets using Guid(00000000000000001000000000000000) Importer(815301076,1909f56bfc062723c751e8b465ee728b)  -> (artifact id: 'e1a2c4dac9df7c17871e19a3b74f0e9f') in 0.003311 seconds
  Import took 0.004759 seconds .

========================================================================
Received Import Request.
  Time since last request: 0.000236 seconds.
  path: Assets/zombieastronaut.mtl
  artifactKey: Guid(3639fbea67a56be4f92bb0e20918d669) Importer(815301076,1909f56bfc062723c751e8b465ee728b)
Start importing Assets/zombieastronaut.mtl using Guid(3639fbea67a56be4f92bb0e20918d669) Importer(815301076,1909f56bfc062723c751e8b465ee728b)  -> (artifact id: '4a00df35b25f357a1cd95a183e3d5dad') in 0.031840 seconds
  Import took 0.033254 seconds .

========================================================================
Received Prepare
Registering precompiled user dll's ...
Registered in 0.000484 seconds.
Begin MonoManager ReloadAssembly
Native extension for WindowsStandalone target not found
Refreshing native plugins compatible for Editor in 0.19 ms, found 0 plugins.
Preloading 0 native plugins for Editor in 0.00 ms.
Invoked RoslynAnalysisRunner static constructor.
RoslynAnalysisRunner will not be running.
RoslynAnalysisRunner has terminated.
Mono: successfully reloaded assembly
- Completed reload, in  0.591 seconds
Platform modules already initialized, skipping
Refreshing native plugins compatible for Editor in 0.22 ms, found 0 plugins.
Preloading 0 native plugins for Editor in 0.00 ms.
Unloading 1125 Unused Serialized files (Serialized files now loaded: 0)
System memory in use before: 58.7 MB.
System memory in use after: 58.8 MB.

Unloading 5 unused Assets to reduce memory usage. Loaded Objects now: 1587.
Total: 1.347000 ms (FindLiveObjects: 0.115300 ms CreateObjectMapping: 0.030500 ms MarkObjects: 1.158800 ms  DeleteObjects: 0.041600 ms)

========================================================================
Received Prepare
Registering precompiled user dll's ...
Registered in 0.000510 seconds.
Begin MonoManager ReloadAssembly
Native extension for WindowsStandalone target not found
Refreshing native plugins compatible for Editor in 0.23 ms, found 0 plugins.
Preloading 0 native plugins for Editor in 0.00 ms.
Invoked RoslynAnalysisRunner static constructor.
RoslynAnalysisRunner will not be running.
RoslynAnalysisRunner has terminated.
Mono: successfully reloaded assembly
- Completed reload, in  0.597 seconds
Platform modules already initialized, skipping
Refreshing native plugins compatible for Editor in 0.19 ms, found 0 plugins.
Preloading 0 native plugins for Editor in 0.00 ms.
Unloading 1125 Unused Serialized files (Serialized files now loaded: 0)
System memory in use before: 59.0 MB.
System memory in use after: 59.0 MB.

Unloading 5 unused Assets to reduce memory usage. Loaded Objects now: 1589.
Total: 1.588500 ms (FindLiveObjects: 0.117500 ms CreateObjectMapping: 0.032600 ms MarkObjects: 1.387200 ms  DeleteObjects: 0.050100 ms)

========================================================================
Received Import Request.
  Time since last request: 108.713629 seconds.
  path: Assets/GameController.cs
  artifactKey: Guid(87f7ae5544d18bd459eb73d81e8387e0) Importer(815301076,1909f56bfc062723c751e8b465ee728b)
Start importing Assets/GameController.cs using Guid(87f7ae5544d18bd459eb73d81e8387e0) Importer(815301076,1909f56bfc062723c751e8b465ee728b)  -> (artifact id: '8e9852dc2c955e82af58d13c9e2b028b') in 0.028166 seconds
  Import took 0.029810 seconds .

========================================================================
Received Import Request.
  Time since last request: 253.820872 seconds.
  path: Assets/GameController.cs
  artifactKey: Guid(87f7ae5544d18bd459eb73d81e8387e0) Importer(815301076,1909f56bfc062723c751e8b465ee728b)
Start importing Assets/GameController.cs using Guid(87f7ae5544d18bd459eb73d81e8387e0) Importer(815301076,1909f56bfc062723c751e8b465ee728b)  -> (artifact id: '38f46fcc2959ae173071b588ee9a7fa8') in 0.003225 seconds
  Import took 0.006205 seconds .

========================================================================
Received Import Request.
  Time since last request: 143.681845 seconds.
  path: Assets/GameController.cs
  artifactKey: Guid(87f7ae5544d18bd459eb73d81e8387e0) Importer(815301076,1909f56bfc062723c751e8b465ee728b)
Start importing Assets/GameController.cs using Guid(87f7ae5544d18bd459eb73d81e8387e0) Importer(815301076,1909f56bfc062723c751e8b465ee728b)  -> (artifact id: '4dbbce8b3994168f42ac5f78ff4d9824') in 0.001375 seconds
  Import took 0.002958 seconds .

========================================================================
Received Prepare
Registering precompiled user dll's ...
Registered in 0.000551 seconds.
Begin MonoManager ReloadAssembly
Native extension for WindowsStandalone target not found
Refreshing native plugins compatible for Editor in 0.19 ms, found 0 plugins.
Preloading 0 native plugins for Editor in 0.00 ms.
Invoked RoslynAnalysisRunner static constructor.
RoslynAnalysisRunner will not be running.
RoslynAnalysisRunner has terminated.
Mono: successfully reloaded assembly
- Completed reload, in  0.591 seconds
Platform modules already initialized, skipping
Refreshing native plugins compatible for Editor in 0.19 ms, found 0 plugins.
Preloading 0 native plugins for Editor in 0.00 ms.
Unloading 1125 Unused Serialized files (Serialized files now loaded: 0)
System memory in use before: 59.2 MB.
System memory in use after: 59.3 MB.

Unloading 5 unused Assets to reduce memory usage. Loaded Objects now: 1591.
Total: 1.410700 ms (FindLiveObjects: 0.115800 ms CreateObjectMapping: 0.030100 ms MarkObjects: 1.223300 ms  DeleteObjects: 0.040400 ms)

========================================================================
Received Import Request.
  Time since last request: 95.680124 seconds.
  path: Assets/GameController.cs
  artifactKey: Guid(87f7ae5544d18bd459eb73d81e8387e0) Importer(815301076,1909f56bfc062723c751e8b465ee728b)
Start importing Assets/GameController.cs using Guid(87f7ae5544d18bd459eb73d81e8387e0) Importer(815301076,1909f56bfc062723c751e8b465ee728b)  -> (artifact id: 'bef6eec7bf1d4a093634f38f7857f229') in 0.002779 seconds
  Import took 0.004212 seconds .

========================================================================
Received Import Request.
  Time since last request: 430.108846 seconds.
  path: Assets/GameController.cs
  artifactKey: Guid(87f7ae5544d18bd459eb73d81e8387e0) Importer(815301076,1909f56bfc062723c751e8b465ee728b)
Start importing Assets/GameController.cs using Guid(87f7ae5544d18bd459eb73d81e8387e0) Importer(815301076,1909f56bfc062723c751e8b465ee728b)  -> (artifact id: '71eb4a951285927080262ac27628ec91') in 0.001520 seconds
  Import took 0.003422 seconds .

AssetImportWorkerClient::OnTransportError - code=2 error=End of file
